<?xml version="1.0" encoding="UTF-8"?>
<testng-results ignored="0" total="1" passed="1" failed="0" skipped="0">
  <reporter-output>
    <line>
      <![CDATA[successfuly executed....]]>
    </line>
  </reporter-output>
  <suite started-at="2024-09-26T13:54:08 IST" name="Default suite" finished-at="2024-09-26T13:54:29 IST" duration-ms="20691">
    <groups>
    </groups>
    <test started-at="2024-09-26T13:54:08 IST" name="Default test" finished-at="2024-09-26T13:54:29 IST" duration-ms="20691">
      <class name="testCases.D2CTrustDemo">
        <test-method signature="Demo()[pri:0, instance:testCases.D2CTrustDemo@74fe5c40]" started-at="2024-09-26T13:54:08 IST" name="Demo" finished-at="2024-09-26T13:54:29 IST" duration-ms="20572" status="PASS">
          <reporter-output>
            <line>
              <![CDATA[successfuly executed....]]>
            </line>
          </reporter-output>
        </test-method> <!-- Demo -->
      </class> <!-- testCases.D2CTrustDemo -->
    </test> <!-- Default test -->
  </suite> <!-- Default suite -->
</testng-results>
